# Logfile created on 2014-01-15 20:26:35 +0300 by logger.rb/44203
I, [2014-01-15T20:26:35.643579 #10160]  INFO -- : 0:  diff-lcs (1.2.5) from /Users/psk/.rvm/gems/ruby-2.1.0/specifications/diff-lcs-1.2.5.gemspec
I, [2014-01-15T20:26:35.644808 #10160]  INFO -- : 0:  rack (1.5.2) from /Users/psk/.rvm/gems/ruby-2.1.0/specifications/rack-1.5.2.gemspec
I, [2014-01-15T20:26:38.219348 #10160]  INFO -- : 0:  rack-protection (1.5.2) from /Users/psk/.rvm/gems/ruby-2.1.0/specifications/rack-protection-1.5.2.gemspec
I, [2014-01-15T20:26:38.219902 #10160]  INFO -- : 0:  rspec-core (2.14.7) from /Users/psk/.rvm/gems/ruby-2.1.0/specifications/rspec-core-2.14.7.gemspec
I, [2014-01-15T20:26:38.220282 #10160]  INFO -- : 0:  rspec-expectations (2.14.4) from /Users/psk/.rvm/gems/ruby-2.1.0/specifications/rspec-expectations-2.14.4.gemspec
I, [2014-01-15T20:26:38.220648 #10160]  INFO -- : 0:  rspec-mocks (2.14.4) from /Users/psk/.rvm/gems/ruby-2.1.0/specifications/rspec-mocks-2.14.4.gemspec
I, [2014-01-15T20:26:40.387971 #10160]  INFO -- : 0:  rspec (2.14.1) from /Users/psk/.rvm/gems/ruby-2.1.0/specifications/rspec-2.14.1.gemspec
I, [2014-01-15T20:26:40.388432 #10160]  INFO -- : 0:  tilt (1.4.1) from /Users/psk/.rvm/gems/ruby-2.1.0/specifications/tilt-1.4.1.gemspec
I, [2014-01-15T20:26:40.388767 #10160]  INFO -- : 0:  sinatra (1.4.4) from /Users/psk/.rvm/gems/ruby-2.1.0/specifications/sinatra-1.4.4.gemspec
I, [2014-01-15T20:26:40.389085 #10160]  INFO -- : 0:  bundler (1.5.1) from /Users/psk/.rvm/gems/ruby-2.1.0@global/specifications/bundler-1.5.1.gemspec
I, [2014-01-19T20:33:50.585628 #38297]  INFO -- : 0:  builder (3.1.4) from /Users/psk/.rvm/gems/ruby-2.1.0/specifications/builder-3.1.4.gemspec
I, [2014-01-19T20:33:50.586671 #38297]  INFO -- : 0:  diff-lcs (1.2.5) from /Users/psk/.rvm/gems/ruby-2.1.0/specifications/diff-lcs-1.2.5.gemspec
I, [2014-01-19T20:33:50.587204 #38297]  INFO -- : 0:  multi_json (1.8.4) from /Users/psk/.rvm/gems/ruby-2.1.0/specifications/multi_json-1.8.4.gemspec
I, [2014-01-19T20:33:50.587658 #38297]  INFO -- : 0:  gherkin (2.12.2) from /Users/psk/.rvm/gems/ruby-2.1.0/specifications/gherkin-2.12.2.gemspec
I, [2014-01-19T20:33:50.588223 #38297]  INFO -- : 0:  multi_test (0.0.3) from /Users/psk/.rvm/gems/ruby-2.1.0/specifications/multi_test-0.0.3.gemspec
I, [2014-01-19T20:33:50.588561 #38297]  INFO -- : 0:  cucumber (1.3.10) from /Users/psk/.rvm/gems/ruby-2.1.0/specifications/cucumber-1.3.10.gemspec
I, [2014-01-19T20:33:50.588869 #38297]  INFO -- : 0:  rack (1.5.2) from /Users/psk/.rvm/gems/ruby-2.1.0/specifications/rack-1.5.2.gemspec
I, [2014-01-19T20:33:50.589195 #38297]  INFO -- : 0:  rack-protection (1.5.2) from /Users/psk/.rvm/gems/ruby-2.1.0/specifications/rack-protection-1.5.2.gemspec
I, [2014-01-19T20:33:50.589489 #38297]  INFO -- : 0:  rspec-core (2.14.7) from /Users/psk/.rvm/gems/ruby-2.1.0/specifications/rspec-core-2.14.7.gemspec
I, [2014-01-19T20:33:50.589843 #38297]  INFO -- : 0:  rspec-expectations (2.14.4) from /Users/psk/.rvm/gems/ruby-2.1.0/specifications/rspec-expectations-2.14.4.gemspec
I, [2014-01-19T20:33:50.590170 #38297]  INFO -- : 0:  rspec-mocks (2.14.4) from /Users/psk/.rvm/gems/ruby-2.1.0/specifications/rspec-mocks-2.14.4.gemspec
I, [2014-01-19T20:33:50.590478 #38297]  INFO -- : 0:  rspec (2.14.1) from /Users/psk/.rvm/gems/ruby-2.1.0/specifications/rspec-2.14.1.gemspec
I, [2014-01-19T20:33:50.590799 #38297]  INFO -- : 0:  tilt (1.4.1) from /Users/psk/.rvm/gems/ruby-2.1.0/specifications/tilt-1.4.1.gemspec
I, [2014-01-19T20:33:50.591120 #38297]  INFO -- : 0:  sinatra (1.4.4) from /Users/psk/.rvm/gems/ruby-2.1.0/specifications/sinatra-1.4.4.gemspec
I, [2014-01-19T20:33:50.591422 #38297]  INFO -- : 0:  bundler (1.5.1) from /Users/psk/.rvm/gems/ruby-2.1.0@global/specifications/bundler-1.5.1.gemspec
I, [2014-01-19T22:25:26.457115 #38527]  INFO -- : 0:  builder (3.1.4) from /Users/psk/.rvm/gems/ruby-2.1.0/specifications/builder-3.1.4.gemspec
I, [2014-01-19T22:25:26.457964 #38527]  INFO -- : 0:  diff-lcs (1.2.5) from /Users/psk/.rvm/gems/ruby-2.1.0/specifications/diff-lcs-1.2.5.gemspec
I, [2014-01-19T22:25:26.458309 #38527]  INFO -- : 0:  multi_json (1.8.4) from /Users/psk/.rvm/gems/ruby-2.1.0/specifications/multi_json-1.8.4.gemspec
I, [2014-01-19T22:25:26.458631 #38527]  INFO -- : 0:  gherkin (2.12.2) from /Users/psk/.rvm/gems/ruby-2.1.0/specifications/gherkin-2.12.2.gemspec
I, [2014-01-19T22:25:26.458948 #38527]  INFO -- : 0:  multi_test (0.0.3) from /Users/psk/.rvm/gems/ruby-2.1.0/specifications/multi_test-0.0.3.gemspec
I, [2014-01-19T22:25:26.459236 #38527]  INFO -- : 0:  cucumber (1.3.10) from /Users/psk/.rvm/gems/ruby-2.1.0/specifications/cucumber-1.3.10.gemspec
I, [2014-01-19T22:25:26.459531 #38527]  INFO -- : 0:  rack (1.5.2) from /Users/psk/.rvm/gems/ruby-2.1.0/specifications/rack-1.5.2.gemspec
I, [2014-01-19T22:25:26.459842 #38527]  INFO -- : 0:  rack-protection (1.5.2) from /Users/psk/.rvm/gems/ruby-2.1.0/specifications/rack-protection-1.5.2.gemspec
I, [2014-01-19T22:25:26.460141 #38527]  INFO -- : 0:  rspec-core (2.14.7) from /Users/psk/.rvm/gems/ruby-2.1.0/specifications/rspec-core-2.14.7.gemspec
I, [2014-01-19T22:25:26.460445 #38527]  INFO -- : 0:  rspec-expectations (2.14.4) from /Users/psk/.rvm/gems/ruby-2.1.0/specifications/rspec-expectations-2.14.4.gemspec
I, [2014-01-19T22:25:26.460719 #38527]  INFO -- : 0:  rspec-mocks (2.14.4) from /Users/psk/.rvm/gems/ruby-2.1.0/specifications/rspec-mocks-2.14.4.gemspec
I, [2014-01-19T22:25:26.460964 #38527]  INFO -- : 0:  rspec (2.14.1) from /Users/psk/.rvm/gems/ruby-2.1.0/specifications/rspec-2.14.1.gemspec
I, [2014-01-19T22:25:26.461205 #38527]  INFO -- : 0:  tilt (1.4.1) from /Users/psk/.rvm/gems/ruby-2.1.0/specifications/tilt-1.4.1.gemspec
I, [2014-01-19T22:25:26.461464 #38527]  INFO -- : 0:  sinatra (1.4.4) from /Users/psk/.rvm/gems/ruby-2.1.0/specifications/sinatra-1.4.4.gemspec
I, [2014-01-19T22:25:26.461709 #38527]  INFO -- : 0:  bundler (1.5.1) from /Users/psk/.rvm/gems/ruby-2.1.0@global/specifications/bundler-1.5.1.gemspec
I, [2014-01-25T19:25:23.283348 #1216]  INFO -- : 0:  builder (3.1.4) from /Users/psk/.rvm/gems/ruby-2.0.0-p353/specifications/builder-3.1.4.gemspec
I, [2014-01-25T19:25:25.685655 #1216]  INFO -- : 0:  diff-lcs (1.2.5) from /Users/psk/.rvm/gems/ruby-2.0.0-p353/specifications/diff-lcs-1.2.5.gemspec
I, [2014-01-25T19:25:28.079912 #1216]  INFO -- : 0:  multi_json (1.8.4) from /Users/psk/.rvm/gems/ruby-2.0.0-p353/specifications/multi_json-1.8.4.gemspec
I, [2014-01-25T19:25:58.497266 #1216]  INFO -- : 0:  gherkin (2.12.2) from /Users/psk/.rvm/gems/ruby-2.0.0-p353/specifications/gherkin-2.12.2.gemspec
I, [2014-01-25T19:26:02.308342 #1216]  INFO -- : 0:  multi_test (0.0.3) from /Users/psk/.rvm/gems/ruby-2.0.0-p353/specifications/multi_test-0.0.3.gemspec
I, [2014-01-25T19:26:06.394702 #1216]  INFO -- : 0:  cucumber (1.3.10) from /Users/psk/.rvm/gems/ruby-2.0.0-p353/specifications/cucumber-1.3.10.gemspec
I, [2014-01-25T19:27:19.842298 #1216]  INFO -- : 0:  rack (1.5.2) from /Users/psk/.rvm/gems/ruby-2.0.0-p353/specifications/rack-1.5.2.gemspec
I, [2014-01-25T19:27:22.095114 #1216]  INFO -- : 0:  rack-protection (1.5.2) from /Users/psk/.rvm/gems/ruby-2.0.0-p353/specifications/rack-protection-1.5.2.gemspec
I, [2014-01-25T19:27:25.817328 #1216]  INFO -- : 0:  rspec-core (2.14.7) from /Users/psk/.rvm/gems/ruby-2.0.0-p353/specifications/rspec-core-2.14.7.gemspec
I, [2014-01-25T19:27:28.837685 #1216]  INFO -- : 0:  rspec-expectations (2.14.4) from /Users/psk/.rvm/gems/ruby-2.0.0-p353/specifications/rspec-expectations-2.14.4.gemspec
I, [2014-01-25T19:27:31.677806 #1216]  INFO -- : 0:  rspec-mocks (2.14.4) from /Users/psk/.rvm/gems/ruby-2.0.0-p353/specifications/rspec-mocks-2.14.4.gemspec
I, [2014-01-25T19:27:33.721538 #1216]  INFO -- : 0:  rspec (2.14.1) from /Users/psk/.rvm/gems/ruby-2.0.0-p353/specifications/rspec-2.14.1.gemspec
I, [2014-01-25T19:27:33.722145 #1216]  INFO -- : 0:  tilt (1.4.1) from /Users/psk/.rvm/gems/ruby-2.0.0-p353/specifications/tilt-1.4.1.gemspec
I, [2014-01-25T19:27:37.841845 #1216]  INFO -- : 0:  sinatra (1.4.4) from /Users/psk/.rvm/gems/ruby-2.0.0-p353/specifications/sinatra-1.4.4.gemspec
I, [2014-01-25T19:27:37.842283 #1216]  INFO -- : 0:  bundler (1.5.1) from /Users/psk/.rvm/gems/ruby-2.0.0-p353@global/specifications/bundler-1.5.1.gemspec
